currentTemperature : 28.20°C
currentHumidity : 57.00%
currentTemperature : 28.20°C
currentHumidity : 56.80%
currentTemperature : 28.30°C
currentHumidity : 56.60%
currentTemperature : 28.30°C
currentHumidity : 56.50%
>1T:28.30°C
currentTemperature : 28.30°C
currentHumidity : 56.50%
currentTemperature : 28.30°C
currentHumidity : 56.40%
currentTemperature : 28.40°C
currentHumidity : 56.40%
currentTemperature : 28.40°C
currentHumidity : 56.20%
>1H:56.20°C
currentTemperature : 28.40°C
currentHumidity : 56.20%
currentTemperature : 28.40°C
currentHumidity : 56.00%
Commande inexistante
currentTemperature : 28.50°C
currentHumidity : 56.00%
currentTemperature : 28.50°C
currentHumidity : 55.90%
currentTemperature : 28.60°C
currentHumidity : 55.90%
currentTemperature : 28.60°C
currentHumidity : 55.70%
currentTemperature : 28.70°C
currentHumidity : 55.50%
currentTemperature : 28.70°C
currentHumidity : 55.40%
currentTemperature : 28.80°C
currentHumidity : 55.30%
currentTemperature : 28.80°C
currentHumidity : 55.20%
currentTemperature : 28.80°C
currentHumidity : 55.00%
currentTemperature : 28.90°C
currentHumidity : 55.00%
currentTemperature : 28.90°C
currentHumidity : 54.80%
currentTemperature : 28.90°C
currentHumidity : 54.70%
currentTemperature : 29.00°C
currentHumidity : 54.60%
currentTemperature : 29.00°C
currentHumidity : 54.40%
currentTemperature : 29.10°C
currentHumidity : 54.40%
currentTemperature : 29.10°C
currentHumidity : 54.20%
currentTemperature : 29.10°C
currentHumidity : 54.10%
currentTemperature : 29.20°C
currentHumidity : 54.10%
currentTemperature : 29.20°C
currentHumidity : 53.90%
currentTemperature : 29.20°C
currentHumidity : 53.80%
currentTemperature : 29.30°C
currentHumidity : 53.70%
currentTemperature : 29.30°C
currentHumidity : 53.60%
currentTemperature : 29.30°C
currentHumidity : 53.50%
currentTemperature : 29.40°C
currentHumidity : 53.40%
currentTemperature : 29.40°C
currentHumidity : 53.30%
currentTemperature : 29.40°C
currentHumidity : 53.20%
currentTemperature : 29.50°C
currentHumidity : 53.10%
currentTemperature : 29.50°C
currentHumidity : 53.00%
currentTemperature : 29.50°C
currentHumidity : 52.90%
currentTemperature : 29.50°C
currentHumidity : 52.80%
currentTemperature : 29.60°C
currentHumidity : 52.80%
currentTemperature : 29.60°C
currentHumidity : 52.70%
currentTemperature : 29.60°C
currentHumidity : 52.60%
currentTemperature : 29.70°C
currentHumidity : 52.60%
currentTemperature : 29.70°C
currentHumidity : 52.50%
currentTemperature : 29.70°C
currentHumidity : 52.50%
currentTemperature : 29.70°C
currentHumidity : 52.30%
currentTemperature : 29.70°C
currentHumidity : 52.30%
